Created input data
Model has been created
Epoch 0/10000: MSE ->  22.499
Epoch 500/10000: MSE ->  21.088
Epoch 1000/10000: MSE ->  18.657
Epoch 1500/10000: MSE ->  14.706
Epoch 2000/10000: MSE ->  13.911
Epoch 2500/10000: MSE ->  13.191
Epoch 3000/10000: MSE ->  13.058
Epoch 3500/10000: MSE ->  12.931
Epoch 4000/10000: MSE ->  12.778
Epoch 4500/10000: MSE ->  12.673
Epoch 5000/10000: MSE ->  12.612
Epoch 5500/10000: MSE ->  12.572
Epoch 6000/10000: MSE ->  12.547
Epoch 6500/10000: MSE ->  12.530
Epoch 7000/10000: MSE ->  12.520
Epoch 7500/10000: MSE ->  12.512
Epoch 8000/10000: MSE ->  12.508
Epoch 8500/10000: MSE ->  12.505
Epoch 9000/10000: MSE ->  12.503
Epoch 9500/10000: MSE ->  12.502

Printing results of prediction using format: [input] -> [prediction]
[0, 0, 0, 0] --> [5.8645820e-03 1.0000000e+00 1.9084716e-12 4.6043242e-03]
>>> (mapped with bounds) [0, 1, 0, 0]
>>> (mapped to closest) [0, 1, 0, 0]
>>> acc:  75.00%	 reliability:  100.00%
[0, 0, 0, 1] --> [3.2714737e-04 9.9999988e-01 2.6621139e-03 9.9331576e-01]
>>> (mapped with bounds) [0, 1, 0, 1]
>>> (mapped to closest) [0, 1, 0, 1]
>>> acc:  75.00%	 reliability:  100.00%
[0, 0, 1, 0] --> [0.00898501 0.00742887 1.         0.9999976 ]
>>> (mapped with bounds) [0, 0, 1, 1]
>>> (mapped to closest) [0, 0, 1, 1]
>>> acc:  75.00%	 reliability:  100.00%
[0, 0, 1, 1] --> [5.0270552e-04 1.3554246e-06 1.0000000e+00 1.0000000e+00]
>>> (mapped with bounds) [0, 0, 1, 1]
>>> (mapped to closest) [0, 0, 1, 1]
>>> acc:  100.00%	 reliability:  100.00%
[1, 1, 0, 0] --> [9.8684734e-01 9.8977828e-01 2.4987742e-06 2.8261199e-04]
>>> (mapped with bounds) [1, 1, 0, 0]
>>> (mapped to closest) [1, 1, 0, 0]
>>> acc:  100.00%	 reliability:  100.00%
[1, 1, 0, 1] --> [9.7524655e-01 9.9788737e-01 6.4844704e-07 2.9547277e-04]
>>> (mapped with bounds) [1, 1, 0, 0]
>>> (mapped to closest) [1, 1, 0, 0]
>>> acc:  75.00%	 reliability:  100.00%
[1, 1, 1, 0] --> [9.9925035e-01 1.0118975e-04 9.9064052e-01 1.7296569e-02]
>>> (mapped with bounds) [1, 0, 1, 0]
>>> (mapped to closest) [1, 0, 1, 0]
>>> acc:  75.00%	 reliability:  100.00%
[1, 1, 1, 1] --> [9.9294889e-01 3.7570653e-09 1.0000000e+00 9.9815446e-01]
>>> (mapped with bounds) [1, 0, 1, 1]
>>> (mapped to closest) [1, 0, 1, 1]
>>> acc:  75.00%	 reliability:  100.00%
[1, 0, 0, 0] --> [9.9971175e-01 7.7047963e-03 7.6022316e-03 2.1685399e-04]
>>> (mapped with bounds) [1, 0, 0, 0]
>>> (mapped to closest) [1, 0, 0, 0]
>>> acc:  100.00%	 reliability:  100.00%
[1, 0, 0, 1] --> [9.9971175e-01 7.7047963e-03 7.6022316e-03 2.1685399e-04]
>>> (mapped with bounds) [1, 0, 0, 0]
>>> (mapped to closest) [1, 0, 0, 0]
>>> acc:  75.00%	 reliability:  100.00%
[1, 0, 1, 0] --> [9.9921978e-01 8.4386222e-05 9.9369997e-01 2.0717438e-02]
>>> (mapped with bounds) [1, 0, 1, 0]
>>> (mapped to closest) [1, 0, 1, 0]
>>> acc:  100.00%	 reliability:  100.00%
[1, 0, 1, 1] --> [9.9266315e-01 3.1331100e-09 1.0000000e+00 9.9846405e-01]
>>> (mapped with bounds) [1, 0, 1, 1]
>>> (mapped to closest) [1, 0, 1, 1]
>>> acc:  100.00%	 reliability:  100.00%
[0, 1, 0, 0] --> [3.1118911e-06 1.0000000e+00 1.6104210e-19 6.4591402e-03]
>>> (mapped with bounds) [0, 1, 0, 0]
>>> (mapped to closest) [0, 1, 0, 0]
>>> acc:  100.00%	 reliability:  100.00%
[0, 1, 0, 1] --> [1.7263136e-07 1.0000000e+00 2.2523459e-10 9.9523491e-01]
>>> (mapped with bounds) [0, 1, 0, 1]
>>> (mapped to closest) [0, 1, 0, 1]
>>> acc:  100.00%	 reliability:  100.00%
[0, 1, 1, 0] --> [4.7826766e-06 9.9999911e-01 9.9848992e-01 9.9999827e-01]
>>> (mapped with bounds) [0, 1, 1, 1]
>>> (mapped to closest) [0, 1, 1, 1]
>>> acc:  75.00%	 reliability:  100.00%
[0, 1, 1, 1] --> [2.6531768e-07 9.9520910e-01 1.0000000e+00 1.0000000e+00]
>>> (mapped with bounds) [0, 1, 1, 1]
>>> (mapped to closest) [0, 1, 1, 1]
>>> acc:  100.00%	 reliability:  100.00%
Successful predictions rate: 8/16
Average accuracy:  87.50%
Average reliability:  100.00%
Fully accurate counter: 8
