Created input data
Model has been created
Epoch 0/5000: accuracy ->  1.873%
Epoch 100/5000: accuracy ->  1.080%
Epoch 200/5000: accuracy ->  0.780%
Epoch 300/5000: accuracy ->  0.604%
Epoch 400/5000: accuracy ->  0.488%
Epoch 500/5000: accuracy ->  0.420%
Epoch 600/5000: accuracy ->  0.373%
Epoch 700/5000: accuracy ->  0.343%
Epoch 800/5000: accuracy ->  0.322%
Epoch 900/5000: accuracy ->  0.315%
Epoch 1000/5000: accuracy ->  0.312%
Epoch 1100/5000: accuracy ->  0.303%
Epoch 1200/5000: accuracy ->  0.302%
Epoch 1300/5000: accuracy ->  0.301%
Epoch 1400/5000: accuracy ->  0.301%
Epoch 1500/5000: accuracy ->  0.289%
Epoch 1600/5000: accuracy ->  0.279%
Epoch 1700/5000: accuracy ->  0.279%
Epoch 1800/5000: accuracy ->  0.279%
Epoch 1900/5000: accuracy ->  0.279%
Epoch 2000/5000: accuracy ->  0.279%
Epoch 2100/5000: accuracy ->  0.279%
Epoch 2200/5000: accuracy ->  0.278%
Epoch 2300/5000: accuracy ->  0.276%
Epoch 2400/5000: accuracy ->  0.268%
Epoch 2500/5000: accuracy ->  0.268%
Epoch 2600/5000: accuracy ->  0.267%
Epoch 2700/5000: accuracy ->  0.267%
Epoch 2800/5000: accuracy ->  0.267%
Epoch 2900/5000: accuracy ->  0.267%
Epoch 3000/5000: accuracy ->  0.267%
Epoch 3100/5000: accuracy ->  0.267%
Epoch 3200/5000: accuracy ->  0.267%
Epoch 3300/5000: accuracy ->  0.267%
Epoch 3400/5000: accuracy ->  0.267%
Epoch 3500/5000: accuracy ->  0.267%
Epoch 3600/5000: accuracy ->  0.267%
Epoch 3700/5000: accuracy ->  0.267%
Epoch 3800/5000: accuracy ->  0.267%
Epoch 3900/5000: accuracy ->  0.267%
Epoch 4000/5000: accuracy ->  0.267%
Epoch 4100/5000: accuracy ->  0.267%
Epoch 4200/5000: accuracy ->  0.267%
Epoch 4300/5000: accuracy ->  0.267%
Epoch 4400/5000: accuracy ->  0.267%
Epoch 4500/5000: accuracy ->  0.267%
Epoch 4600/5000: accuracy ->  0.267%
Epoch 4700/5000: accuracy ->  0.267%
Epoch 4800/5000: accuracy ->  0.267%
Epoch 4900/5000: accuracy ->  0.267%

Printing results of prediction using format: [input] -> [prediction] (mapped) ...
"hello" 	 --> [0.986 0.000 0.000 0.000] (mapped)	 [1, 0, 0, 0]
"begin" 	 --> [0.000 0.976 0.000 0.000] (mapped)	 [0, 1, 0, 0]
"today" 	 --> [0.000 0.000 0.986 0.000] (mapped)	 [0, 0, 1, 0]
"after" 	 --> [0.000 0.000 0.000 0.978] (mapped)	 [0, 0, 0, 1]
" " 	 --> [0.000 0.000 0.000 0.000] (mapped)	 [0, 0, 0, 0]
"afser" 	 --> [0.000 0.000 0.000 0.000] (mapped)	 [0, 0, 0, 0]
"zoday" 	 --> [0.000 0.000 0.000 0.000] (mapped)	 [0, 0, 0, 0]
"aftbr" 	 --> [0.000 0.000 0.000 0.000] (mapped)	 [0, 0, 0, 0]
"hezlo" 	 --> [0.000 0.000 0.000 0.000] (mapped)	 [0, 0, 0, 0]
"boday" 	 --> [0.000 0.000 0.000 0.000] (mapped)	 [0, 0, 0, 0]
"begib" 	 --> [0.000 0.000 0.000 0.000] (mapped)	 [0, 0, 0, 0]
"begit" 	 --> [0.000 0.000 0.000 0.000] (mapped)	 [0, 0, 0, 0]
"helld" 	 --> [0.000 0.000 0.000 0.000] (mapped)	 [0, 0, 0, 0]
"todny" 	 --> [0.000 0.000 0.000 0.000] (mapped)	 [0, 0, 0, 0]
"todas" 	 --> [0.000 0.000 0.000 0.000] (mapped)	 [0, 0, 0, 0]
"todac" 	 --> [0.000 0.000 0.000 0.000] (mapped)	 [0, 0, 0, 0]
"uegin" 	 --> [0.000 0.000 0.000 0.000] (mapped)	 [0, 0, 0, 0]
"hellw" 	 --> [0.000 0.000 0.000 0.000] (mapped)	 [0, 0, 0, 0]
"tfday" 	 --> [0.000 0.000 0.002 0.000] (mapped)	 [0, 0, 0, 0]
"helto" 	 --> [0.000 0.000 0.000 0.000] (mapped)	 [0, 0, 0, 0]
"aftkr" 	 --> [0.000 0.000 0.000 0.000] (mapped)	 [0, 0, 0, 0]
"rello" 	 --> [0.000 0.000 0.000 0.000] (mapped)	 [0, 0, 0, 0]
"heblo" 	 --> [0.000 0.000 0.000 0.000] (mapped)	 [0, 0, 0, 0]
"todaf" 	 --> [0.000 0.000 0.000 0.000] (mapped)	 [0, 0, 0, 0]
"bagin" 	 --> [0.000 0.009 0.000 0.000] (mapped)	 [0, 0, 0, 0]
